{"level":"info","message":"User 64bf8b159c591c07d7ec05de: Hokim buva, IP:::1 logged in."}
{"level":"info","message":"User 649bf5c40e012174b6c56d9c: Dele Mele, IP:::1 logged in."}
{"level":"info","message":"User 64a5397fbb49602728d6ff50: Dekan, IP:::1 logged in."}
{"level":"info","message":"User 649bf5c40e012174b6c56d9c: Dele Mele, IP:::1 logged in."}
{"level":"info","message":"User 649a7f72b64b4b8c519e7962: Baklajan Leme, IP:::1 logged in."}
{"level":"info","message":"User 64a5397fbb49602728d6ff50: Dekan, IP:::1 logged in."}
{"level":"info","message":"User 649bf5c40e012174b6c56d9c: Dele Mele, IP:::1 logged in."}
{"level":"info","message":"User 649a7f72b64b4b8c519e7962: Baklajan Leme, IP:::1 logged in."}
{"level":"info","message":"User 649bf5c40e012174b6c56d9c: Dele Mele, IP:::1 logged in."}
{"level":"info","message":"User 649a7f72b64b4b8c519e7962: Baklajan Leme, IP:::1 logged in."}
{"level":"info","message":"User 649bf5c40e012174b6c56d9c: Dele Mele, IP:::1 logged in."}
{"level":"info","message":"User 649a7f72b64b4b8c519e7962: Baklajan Leme, IP:::1 logged in."}
{"level":"info","message":"User 649a7f72b64b4b8c519e7962: Baklajan Leme, IP:::1 logged in."}
{"level":"info","message":"User 64a5397fbb49602728d6ff50: Dekan, IP:::1 logged in."}
{"level":"info","message":"User 64a5397fbb49602728d6ff50: Dekan, IP:::1 logged in."}
{"level":"info","message":"User 649a7a26ffc15b6e1ed581dd: Admin, IP:::1 logged in."}
{"level":"info","message":"User 64a5397fbb49602728d6ff50: Dekan, IP:::1 logged in."}
{"level":"info","message":"User 649a7f72b64b4b8c519e7962: Baklajan Leme, IP:::1 logged in."}
{"level":"info","message":"User 64a5397fbb49602728d6ff50: Dekan, IP:::1 logged in."}
{"level":"info","message":"User 649ae9d28089c752388368f7: Admin, IP:::1 logged in."}
{"level":"info","message":"User 64a5397fbb49602728d6ff50: Dekan, IP:::1 logged in."}
{"level":"info","message":"User 649a7f72b64b4b8c519e7962: Baklajan Leme, IP:::1 logged in."}
{"level":"info","message":"User 64a5397fbb49602728d6ff50: Dekan, IP:::1 logged in."}
{"level":"info","message":"User 649a7f72b64b4b8c519e7962: Baklajan Leme, IP:::1 logged in."}
{"level":"info","message":"User 649ae9d28089c752388368f7: Admin, IP:::1 logged in."}
{"level":"info","message":"User 649a7f72b64b4b8c519e7962: Baklajan Leme, IP:::1 logged in."}
{"level":"info","message":"User 649bf5c40e012174b6c56d9c: Dele Mele, IP:::1 logged in."}
{"level":"info","message":"User 649a7f72b64b4b8c519e7962: Baklajan Leme, IP:::1 logged in."}
{"level":"info","message":"User 649bf5c40e012174b6c56d9c: Dele Mele, IP:::1 logged in."}
{"level":"info","message":"User 649a7f72b64b4b8c519e7962: Baklajan Leme, IP:::1 logged in."}
{"level":"info","message":"User 64a5397fbb49602728d6ff50: Dekan, IP:::1 logged in."}
{"level":"info","message":"User 649a7f72b64b4b8c519e7962: Baklajan Leme, IP:::1 logged in."}
{"level":"info","message":"User 64a5397fbb49602728d6ff50: Dekan, IP:::1 logged in."}
{"level":"info","message":"User 649bf5c40e012174b6c56d9c: Dele Mele, IP:::1 logged in."}
{"level":"info","message":"User 649a7f72b64b4b8c519e7962: Baklajan Leme, IP:::1 logged in."}
{"level":"info","message":"User 64a5397fbb49602728d6ff50: Dekan, IP:::1 logged in."}
{"level":"info","message":"User 649bf5c40e012174b6c56d9c: Dele Mele, IP:::1 logged in."}
{"level":"info","message":"User 64a5397fbb49602728d6ff50: Dekan, IP:::1 logged in."}
{"level":"info","message":"User 649bf5c40e012174b6c56d9c: Dele Mele, IP:::1 logged in."}
{"level":"info","message":"User 649a7f72b64b4b8c519e7962: Baklajan Leme, IP:::1 logged in."}
{"level":"info","message":"User 64a5397fbb49602728d6ff50: Dekan, IP:::1 logged in."}
{"level":"info","message":"User 64a5397fbb49602728d6ff50: Dekan, IP:::1 logged in."}
{"level":"info","message":"User 64a5397fbb49602728d6ff50: Dekan, IP:::1 logged in."}
{"level":"info","message":"User 649a7a26ffc15b6e1ed581dd: Admin, IP:::1 logged in."}
{"level":"info","message":"User 64a5397fbb49602728d6ff50: Dekan, IP:::1 logged in."}
{"level":"info","message":"User 649a7f72b64b4b8c519e7962: Baklajan Leme, IP:::1 logged in."}
{"level":"info","message":"User 64a5397fbb49602728d6ff50: Dekan, IP:::1 logged in."}
{"level":"info","message":"User 649a7f72b64b4b8c519e7962: Baklajan Leme, IP:::1 logged in."}
{"level":"info","message":"User 64a5397fbb49602728d6ff50: Dekan, IP:::1 logged in."}
{"level":"info","message":"User 649a7f72b64b4b8c519e7962: Baklajan Leme, IP:::1 logged in."}
{"level":"info","message":"User 64a5397fbb49602728d6ff50: Dekan, IP:::1 logged in."}
{"level":"info","message":"User 649bf5c40e012174b6c56d9c: Dele Mele, IP:::1 logged in."}
{"level":"info","message":"User 649a7f72b64b4b8c519e7962: Baklajan Leme, IP:::1 logged in."}
{"level":"info","message":"User 649bf5c40e012174b6c56d9c: Dele Mele, IP:::1 logged in."}
{"level":"info","message":"User 649a7f72b64b4b8c519e7962: Baklajan Leme, IP:::1 logged in."}
{"level":"info","message":"User 64a5397fbb49602728d6ff50: Dekan, IP:::1 logged in."}
{"level":"info","message":"User 649a7f72b64b4b8c519e7962: Baklajan Leme, IP:::1 logged in."}
{"level":"info","message":"User 649bf5c40e012174b6c56d9c: Dele Mele, IP:::1 logged in."}
{"level":"info","message":"User 649bf5c40e012174b6c56d9c: Dele Mele, IP:::1 logged in."}
{"level":"info","message":"User 64a5397fbb49602728d6ff50: Dekan, IP:::1 logged in."}
{"level":"info","message":"User 649a7f72b64b4b8c519e7962: Baklajan Leme, IP:::1 logged in."}
{"level":"info","message":"User 64a5397fbb49602728d6ff50: Dekan, IP:::1 logged in."}
{"level":"info","message":"User 64a5397fbb49602728d6ff50: Dekan, IP:::1 logged in."}
{"level":"info","message":"User 649a7f72b64b4b8c519e7962: Baklajan Leme, IP:::1 logged in."}
{"level":"info","message":"User 649a7f72b64b4b8c519e7962: Baklajan Leme, IP:::1 logged in."}
{"level":"info","message":"User 649bf5c40e012174b6c56d9c: Dele Mele, IP:::1 logged in."}
{"level":"info","message":"User 649a7f72b64b4b8c519e7962: Baklajan Leme, IP:::1 logged in."}
{"level":"info","message":"User 649bf5c40e012174b6c56d9c: Dele Mele, IP:::1 logged in."}
{"level":"info","message":"User 649a7f72b64b4b8c519e7962: Baklajan Leme, IP:::1 logged in."}
{"level":"info","message":"User 649a7f72b64b4b8c519e7962: Baklajan Leme, IP:::1 logged in."}
{"level":"info","message":"User 649bf5c40e012174b6c56d9c: Dele Mele, IP:::1 logged in."}
{"level":"info","message":"User 649a7f72b64b4b8c519e7962: Baklajan Leme, IP:::1 logged in."}
{"level":"info","message":"User 649bf5c40e012174b6c56d9c: Dele Mele, IP:::1 logged in."}
{"level":"info","message":"User 64bf8b159c591c07d7ec05de: Hokim buva, IP:::1 logged in."}
{"level":"info","message":"User 649a7f72b64b4b8c519e7962: Baklajan Leme, IP:::1 logged in."}
{"level":"info","message":"User 649bf5c40e012174b6c56d9c: Dele Mele, IP:::1 logged in."}
